IQ-TREE multicore version 2.1.3 COVID-edition for Mac OS X 64-bit built Oct  4 2021
Developed by Bui Quang Minh, James Barbetti, Nguyen Lam Tung,
Olga Chernomor, Heiko Schmidt, Dominik Schrempf, Michael Woodhams.

Host:    Tessas-MacBook-Pro.local (AVX512, FMA3, 16 GB RAM)
Command: iqtree -s 6_SMTs_Annelid+_70Domains.cd-hit.fasta -nt 8 -m LG+I+G -B 1000
Seed:    558478 (Using SPRNG - Scalable Parallel Random Number Generator)
Time:    Wed Feb 23 12:14:43 2022
Kernel:  AVX+FMA - 8 threads (8 CPU cores detected)

Reading alignment file 6_SMTs_Annelid+_70Domains.cd-hit.fasta ... Fasta format detected
Alignment most likely contains protein sequences
Alignment has 27 sequences with 291 columns, 272 distinct patterns
239 parsimony-informative, 21 singleton sites, 31 constant sites
                                                                                         Gap/Ambiguity  Composition  p-value
   1  Alitta_virens|GINI01069748.1|p1                                                            0.00%    passed     57.12%
   2  Amphimedon_queenslandica|XP_003387525.1|PREDICTED                                          0.00%    passed     93.72%
   3  Amynthas_gracilis|GIKF01022106.1|p2                                                        0.00%    passed     85.04%
   4  Arabidopsis_thaliana|NP_001078579.1|sterol_methyltransferase_1|OUTGROUP                    0.00%    passed     91.84%
   5  Chondrilla_nucula|comp86071_c0_seq1|p1                                                     0.00%    passed     99.88%
   6  Cymbastela_stipitata|GHWA01019167.1|p1                                                     0.00%    passed     97.03%
   7  Cymbastela_stipitata|GHWA01019168.1|p1                                                     0.00%    passed     94.15%
   8  Cymbastela_stipitata|GHWA01019169.1|p1                                                     0.00%    passed     96.98%
   9  Eisenia_fetida|GIKG01135343.1|p1                                                           0.00%    passed     99.98%
  10  Enchytraeus_albidus|GJSG01022432.1|p1                                                      0.00%    passed     96.30%
  11  Glossoscolex_paulistus|GBIL01031091.1|p1                                                   0.00%    passed     81.42%
  12  Glossoscolex_paulistus|GBIL01037864.1|p1                                                   0.00%    passed     96.49%
  13  Haliclona_tubifera|GFAV01007619.1|p1                                                       0.00%    passed     89.14%
  14  Halisarca_caerulea|GFSI01014458.1|p1                                                       0.00%    passed     99.52%
  15  Halisarca_dujardinii|GIFI01118229.1|p1                                                     0.00%    passed     98.83%
  16  Ircinia_fasciculata|comp79702_c0_seq1|p1                                                   0.00%    passed     93.15%
  17  Lamellibrachia_luymesi|FUN_033246-T1                                                       0.00%    passed     99.98%
  18  Lumbriculus_variegatus|GIWA01114918.1|p1                                                   0.00%    passed     98.32%
  19  Lumbricus_castaneus|GGRB01015146.1|p1                                                      0.00%    passed     98.86%
  20  Lumbricus_rubellus|GIFV01044038.1|p1                                                       0.00%    passed     85.78%
  21  Neopetrosia_compacta|GIYW01007509.1|p1                                                     0.00%    passed     98.19%
  22  Neopetrosia_compacta|GIYW01054291.1|p1                                                     0.00%    passed     94.04%
  23  Paraescarpia_echinospica|GHDL01085970.1|p1                                                 0.00%    passed     99.83%
  24  Physcomitrium_patens|XP_024395494.1|cycloartenol-C-24-methyltransferase_1-like|OUTGROUP    0.00%    passed     99.97%
  25  Platynereis_dumerilii|HALR01229039.1|p1                                                    0.00%    passed     46.20%
  26  Puccinia_graminis|XP_003321161.1|sterol_24-C-methyltransferase|OUTGROUP                    0.00%    passed     64.14%
  27  Puccinia_graminis|XP_003335809.1|sterol_24-C-methyltransferase|OUTGROUP                    0.00%    passed     37.80%
****  TOTAL                                                                                      0.00%  0 sequences failed composition chi2 test (p-value<5%; df=19)

Create initial parsimony tree by phylogenetic likelihood library (PLL)... 0.003 seconds
Generating 1000 samples for ultrafast bootstrap (seed: 558478)...

NOTE: 5 MB RAM (0 GB) is required!
Estimate model parameters (epsilon = 0.100)
Thoroughly optimizing +I+G parameters from 10 start values...
Init pinv, alpha: 0.000, 1.000 / Estimate: 0.000, 1.315 / LogL: -9524.056
Init pinv, alpha: 0.012, 1.000 / Estimate: 0.053, 1.707 / LogL: -9520.056
Init pinv, alpha: 0.024, 1.000 / Estimate: 0.051, 1.692 / LogL: -9520.088
Init pinv, alpha: 0.036, 1.000 / Estimate: 0.052, 1.703 / LogL: -9520.064
Init pinv, alpha: 0.047, 1.000 / Estimate: 0.053, 1.709 / LogL: -9520.053
Init pinv, alpha: 0.059, 1.000 / Estimate: 0.054, 1.717 / LogL: -9520.043
Init pinv, alpha: 0.071, 1.000 / Estimate: 0.057, 1.736 / LogL: -9520.025
Init pinv, alpha: 0.083, 1.000 / Estimate: 0.058, 1.749 / LogL: -9520.022
Init pinv, alpha: 0.095, 1.000 / Estimate: 0.059, 1.760 / LogL: -9520.025
Init pinv, alpha: 0.107, 1.000 / Estimate: 0.061, 1.769 / LogL: -9520.032
Optimal pinv,alpha: 0.058, 1.749 / LogL: -9520.022

Parameters optimization took 0.890 sec
Computing ML distances based on estimated model parameters...
Computing ML distances took 0.018565 sec (of wall-clock time) 0.118003 sec(of CPU time)
Computing RapidNJ tree took 0.001667 sec (of wall-clock time) 0.003333 sec (of CPU time)
Log-likelihood of RapidNJ tree: -9523.125
--------------------------------------------------------------------
|             INITIALIZING CANDIDATE TREE SET                      |
--------------------------------------------------------------------
Generating 98 parsimony trees... 0.294 second
Computing log-likelihood of 98 initial trees ... 0.459 seconds
Current best score: -9517.127

Do NNI search on 20 best initial trees
Estimate model parameters (epsilon = 0.100)
BETTER TREE FOUND at iteration 1: -9511.326
Iteration 10 / LogL: -9511.953 / Time: 0h:0m:2s
Iteration 20 / LogL: -9511.447 / Time: 0h:0m:2s
Finish initializing candidate tree set (3)
Current best tree score: -9511.326 / CPU time: 1.898
Number of iterations: 20
--------------------------------------------------------------------
|               OPTIMIZING CANDIDATE TREE SET                      |
--------------------------------------------------------------------
Iteration 30 / LogL: -9517.182 / Time: 0h:0m:3s (0h:0m:9s left)
Iteration 40 / LogL: -9517.300 / Time: 0h:0m:4s (0h:0m:7s left)
Iteration 50 / LogL: -9517.263 / Time: 0h:0m:5s (0h:0m:5s left)
Log-likelihood cutoff on original alignment: -9557.912
Iteration 60 / LogL: -9511.754 / Time: 0h:0m:6s (0h:0m:4s left)
Iteration 70 / LogL: -9511.430 / Time: 0h:0m:6s (0h:0m:3s left)
Iteration 80 / LogL: -9511.665 / Time: 0h:0m:7s (0h:0m:2s left)
Iteration 90 / LogL: -9511.512 / Time: 0h:0m:9s (0h:0m:1s left)
Iteration 100 / LogL: -9517.247 / Time: 0h:0m:10s (0h:0m:0s left)
Log-likelihood cutoff on original alignment: -9557.912
NOTE: Bootstrap correlation coefficient of split occurrence frequencies: 1.000
TREE SEARCH COMPLETED AFTER 102 ITERATIONS / Time: 0h:0m:10s

--------------------------------------------------------------------
|                    FINALIZING TREE SEARCH                        |
--------------------------------------------------------------------
Performs final model parameters optimization
Estimate model parameters (epsilon = 0.010)
1. Initial log-likelihood: -9511.326
Optimal log-likelihood: -9511.326
Proportion of invariable sites: 0.057
Gamma shape alpha: 1.725
Parameters optimization took 1 rounds (0.010 sec)
BEST SCORE FOUND : -9511.326
Creating bootstrap support values...
Split supports printed to NEXUS file 6_SMTs_Annelid+_70Domains.cd-hit.fasta.splits.nex
Total tree length: 9.165

Total number of iterations: 102
CPU time used for tree search: 65.966 sec (0h:1m:5s)
Wall-clock time used for tree search: 9.279 sec (0h:0m:9s)
Total CPU time used: 73.175 sec (0h:1m:13s)
Total wall-clock time used: 10.330 sec (0h:0m:10s)

Computing bootstrap consensus tree...
Reading input file 6_SMTs_Annelid+_70Domains.cd-hit.fasta.splits.nex...
27 taxa and 108 splits.
Consensus tree written to 6_SMTs_Annelid+_70Domains.cd-hit.fasta.contree
Reading input trees file 6_SMTs_Annelid+_70Domains.cd-hit.fasta.contree
Log-likelihood of consensus tree: -9511.326

Analysis results written to: 
  IQ-TREE report:                6_SMTs_Annelid+_70Domains.cd-hit.fasta.iqtree
  Maximum-likelihood tree:       6_SMTs_Annelid+_70Domains.cd-hit.fasta.treefile
  Likelihood distances:          6_SMTs_Annelid+_70Domains.cd-hit.fasta.mldist

Ultrafast bootstrap approximation results written to:
  Split support values:          6_SMTs_Annelid+_70Domains.cd-hit.fasta.splits.nex
  Consensus tree:                6_SMTs_Annelid+_70Domains.cd-hit.fasta.contree
  Screen log file:               6_SMTs_Annelid+_70Domains.cd-hit.fasta.log

Date and Time: Wed Feb 23 12:14:54 2022
